
Running MultiStage Pipeline
============================

Command:  /mnt/Data_4/SCHRODINGER_2021-2/jaguar run AutoConf.py nsc20116_taut.maegz -config nsc20116_taut.in -jobname nsc20116_taut -HOST localhost:16 -PROJ /mnt/Data_4/SCHRODINGER_2021-2_TMP/Tmp_13Jan2025_1351_27585 -DISP append -VIEWNAME autoconf_gui.AutoConfPanel -TMPLAUNCHDIR
Release:  2021-2
Exec:     /mnt/Data_4/SCHRODINGER_2021-2/jaguar-v11.2/bin/Linux-x86_64
Host:     vm-linux2
JobId:    vm-linux2-0-6785061e
JobDir:   /home/vm/.schrodinger/tmp/nsc20116_taut
Date:     Mon Jan 13 14:25:03 2025

Config file parsed as:
{'TautomerStage1': {'type': 'ring_chain', 'backend_options': {'disable_fast_pka': True, 'min_ring_size': 5, 'max_ring_size': 7}}, 'TautomerStage2': {'backend_options': {'disable_fast_pka': True, 'charge': 0}}, 'SemiEmpStage1': {'nkeep': 100, 'erg_window': 100.0, 'backend_options': {'method': 'PM3', 'nogeopt': True, 'energy_only': True, 'keywords': 'GEO-OK NOREOR SCFCRT=1.0 ITRY=200 PL T=30D'}}, 'QMStage1': {'nkeep': 25, 'erg_window': 50.0, 'canonical': True, 'backend_options': {'basis': 'LACVP**', 'dftname': 'B3LYP-D3', 'igeopt': 1, 'nofail': 1, 'stop_rxn': 1, 'check_min': 2, 'isolv': 2, 'nogas': 2, 'solvent': 'water'}}, 'QMStage2': {'nkeep': 12, 'canonical': True, 'backend_options': {'basis': 'cc-pVTZ(-f)', 'dftname': 'M06-2X', 'nofail': 1, 'isolv': 2, 'nogas': 2, 'solvent': 'water'}}}


Executing the following Pipeline:

nsc20116_taut.maegz
||
||
(1) TautomerStage1
||
\/
nsc20116_taut_TautomerStage1-out.mae
||
||
(2) TautomerStage2
||
\/
nsc20116_taut_TautomerStage2-out.mae
||
||
(3) SemiEmpStage1
||
\/
nsc20116_taut_SemiEmpStage1-out.mae
||
||
(4) QMStage1
||
\/
nsc20116_taut_QMStage1-out.mae
||
||
(5) QMStage2
||
\/
nsc20116_taut_QMStage2-out.mae



(1) TautomerStage1
--------------------

Generating tautomers from: 
multistage_input.mae
Configuration = {'erg_window': 100.0, 'nkeep': 1000000, 'keep_nconf_per_struct': 1000000, 'reset_connectivity': False, 'backend_options': {'disable_fast_pka': True, 'min_ring_size': 5, 'max_ring_size': 7}, 'type': 'ring_chain'}

Work directory = nsc20116_taut_TautomerStage1_workdir
Found 5 structures from subjobs.

Preserving at most 1000000 conformers per structure.
5 filtered structures added to:
nsc20116_taut_TautomerStage1-out.mae
Timer (TautomerStage1) : 221.22 secs (0 hrs, 03 mins, 41 secs)


(2) TautomerStage2
--------------------

Generating tautomers from: 
nsc20116_taut_TautomerStage1-out.mae
Configuration = {'erg_window': 100.0, 'nkeep': 1000000, 'keep_nconf_per_struct': 1000000, 'reset_connectivity': False, 'backend_options': {'disable_fast_pka': True, 'charge': 0}, 'type': 'prototropic'}

Work directory = nsc20116_taut_TautomerStage2_workdir
Found 181 structures from subjobs.

Preserving at most 1000000 conformers per structure.
181 filtered structures added to:
nsc20116_taut_TautomerStage2-out.mae
Timer (TautomerStage2) : 88.65 secs (0 hrs, 01 mins, 28 secs)


(3) SemiEmpStage1
-------------------

Executing semi-empirical stage on: 
nsc20116_taut_TautomerStage2-out.mae
Configuration = {'erg_window': 100.0, 'nkeep': 100, 'keep_nconf_per_struct': 1000000, 'reset_connectivity': False, 'backend_options': {'method': 'PM3', 'nogeopt': True, 'energy_only': True, 'keywords': 'GEO-OK NOREOR SCFCRT=1.0 ITRY=200 PL T=30D'}}

Work directory = nsc20116_taut_SemiEmpStage1_workdir
Found 181 structures from subjobs.

181 structures were sorted by label:
r_NDDO_NDDO_Heat_of_Formation

Structure     Genealogy      Energy (kcal/mol)   Difference    % Boltzmann @298K   SMILES
227928_1      1_1_1          -25.12              0.00          75.18               O=NNc1c[nH]c(=O)[nH]c1=O
227928_2      1_2_2          -24.20              0.91          16.07               O/N=N/c1cnc(O)nc1O
227928_3      1_29_3         -23.83              1.29          8.58                O=c1[nH]cc(/N=N/O)c(=O)[nH]1
227928_4      1_7_4          -21.50              3.62          0.17                O=c1ncc(/N=N/O)c(O)[nH]1
227928_5      1_8_5          -16.66              8.46          0.00                O=c1nc(O)c(/N=N/O)c[nH]1
227928_6      1_5_6          -14.42              10.69         0.00                O=NNc1cnc(O)nc1O
227928_7      1_12_7         -12.35              12.76         0.00                O=NNc1cnc(=O)[nH]c1O
227928_8      1_6_8          -9.96               15.15         0.00                [O-]/[NH+]=N/c1cnc(O)nc1O
227928_9      1_14_9         -9.66               15.46         0.00                O=NNc1c[nH]c(=O)nc1O
227928_10     1_5_173_10     -7.19               17.93         0.00                O=C1NC(=O)C2=NNO[C@H]2N1
227928_11     1_31_11        -7.07               18.05         0.00                O=C1N=C/C(=N\NO)C(=O)N1
227928_12     1_4_138_12     -7.06               18.06         0.00                O=C1NC(=O)C2=NNO[C@@H]2N1
227928_13     1_13_13        -7.01               18.10         0.00                O=c1ncc(/N=[NH+]/[O-])c(O)[nH]1
227928_14     1_36_14        -6.23               18.89         0.00                O=c1[nH]cc(/N=[NH+]/[O-])c(=O)[nH]1
227928_15     1_23_15        -5.85               19.27         0.00                O=NNc1cnc(O)[nH]c1=O
227928_16     1_25_16        -5.57               19.55         0.00                O=NNc1c[nH]c(O)nc1=O
227928_17     1_19_17        -2.90               22.22         0.00                O=c1nc(O)[nH]cc1/N=N/O
227928_18     1_18_18        -2.47               22.65         0.00                O=c1[nH]c(O)ncc1/N=N/O
227928_19     1_5_147_19     -2.08               23.04         0.00                O=C1NC(O)=C2N=NO[C@H]2N1
227928_20     1_4_112_20     -2.08               23.04         0.00                O=C1NC(O)=C2N=NO[C@@H]2N1
227928_21     1_5_164_21     -0.95               24.17         0.00                O=C1NC(O)=N[C@@H]2ONN=C12
227928_22     1_15_22        -0.85               24.26         0.00                O=c1nc(O)c(/N=[NH+]/[O-])c[nH]1
227928_23     1_4_129_23     -0.78               24.34         0.00                O=C1NC(O)=N[C@H]2ONN=C12
227928_24     1_3_77_24      0.67                25.79         0.00                O=C1NC=C2N=NO[C@@]2(O)N1
227928_25     1_2_42_25      0.67                25.79         0.00                O=C1NC=C2N=NO[C@]2(O)N1
227928_26     1_30_26        2.42                27.53         0.00                O=c1ncc(/[NH+]=N/O)c([O-])[nH]1
227928_27     1_5_167_27     2.93                28.05         0.00                O=C1N=C(O)N[C@@H]2ONN=C12
227928_28     1_4_132_28     3.08                28.19         0.00                O=C1N=C(O)N[C@H]2ONN=C12
227928_29     1_20_29        4.20                29.31         0.00                [O-]c1nc(O)ncc1/[NH+]=N/O
227928_30     1_3_79_30      4.38                29.50         0.00                OC1=N[C@]2(O)ON=NC2=CN1
227928_31     1_2_43_31      4.39                29.51         0.00                OC1=NC=C2N=NO[C@]2(O)N1
227928_32     1_3_78_32      4.39                29.51         0.00                OC1=NC=C2N=NO[C@@]2(O)N1
227928_33     1_2_44_33      4.40                29.51         0.00                OC1=N[C@@]2(O)ON=NC2=CN1
227928_34     1_21_34        4.60                29.71         0.00                O=C1N=C(O)N=C/C1=N\NO
227928_35     1_4_113_35     4.63                29.74         0.00                OC1=N[C@H]2ON=NC2=C(O)N1
227928_36     1_5_148_36     4.63                29.74         0.00                OC1=N[C@@H]2ON=NC2=C(O)N1
227928_37     1_2_49_37      5.11                30.22         0.00                O=C1N=CC2=NNO[C@]2(O)N1
227928_38     1_3_84_38      5.17                30.29         0.00                O=C1N=CC2=NNO[C@@]2(O)N1
227928_39     1_10_39        5.30                30.41         0.00                O=C1N=C/C(=N\NO)C(O)=N1
227928_40     1_4_122_40     6.79                31.91         0.00                O=C1N=C(O)C2=NNO[C@@H]2N1
227928_41     1_5_157_41     7.02                32.13         0.00                O=C1N=C(O)C2=NNO[C@H]2N1
227928_42     1_4_114_42     9.09                34.20         0.00                OC1=NC(O)=C2N=NO[C@@H]2N1
227928_43     1_5_149_43     9.09                34.21         0.00                OC1=NC(O)=C2N=NO[C@H]2N1
227928_44     1_3_81_44      9.74                34.86         0.00                OC1=N[C@]2(O)ONN=C2C=N1
227928_45     1_2_46_45      9.81                34.92         0.00                OC1=N[C@@]2(O)ONN=C2C=N1
227928_46     1_5_174_46     10.17               35.29         0.00                O=C1NC(=O)[C@@H]2N=NO[C@H]2N1
227928_47     1_4_139_47     10.17               35.29         0.00                O=C1NC(=O)[C@H]2N=NO[C@@H]2N1
227928_48     1_24_48        10.26               35.38         0.00                O=c1[nH]c(O)ncc1/N=[NH+]/[O-]
227928_49     1_5_151_49     11.85               36.97         0.00                OC1=N[C@@H]2ONN=C2C(O)=N1
227928_50     1_4_116_50     12.08               37.19         0.00                OC1=N[C@H]2ONN=C2C(O)=N1
227928_51     1_26_51        12.12               37.23         0.00                O=c1nc(O)[nH]cc1/N=[NH+]/[O-]
227928_52     1_5_165_52     16.81               41.93         0.00                O=C1NC(O)=N[C@@H]2ON=N[C@@H]12
227928_53     1_4_130_53     16.81               41.93         0.00                O=C1NC(O)=N[C@H]2ON=N[C@H]12
227928_54     1_5_172_54     17.61               42.72         0.00                O=C1NC([O-])=C2[NH+]=NO[C@H]2N1
227928_55     1_4_137_55     17.61               42.72         0.00                O=C1NC([O-])=C2[NH+]=NO[C@@H]2N1
227928_56     1_4_133_56     18.51               43.62         0.00                O=C1N=C(O)N[C@H]2ON=N[C@H]12
227928_57     1_5_168_57     18.52               43.64         0.00                O=C1N=C(O)N[C@@H]2ON=N[C@@H]12
227928_58     1_5_163_58     19.70               44.82         0.00                [O-]C1=C2[NH+]=NO[C@H]2N=C(O)N1
227928_59     1_4_128_59     19.70               44.82         0.00                [O-]C1=C2[NH+]=NO[C@@H]2N=C(O)N1
227928_60     1_2_50_60      22.72               47.83         0.00                O=C1N=C[C@H]2N=NO[C@]2(O)N1
227928_61     1_3_85_61      23.09               48.20         0.00                O=C1N=C[C@@H]2N=NO[C@@]2(O)N1
227928_62     1_4_123_62     23.47               48.58         0.00                O=C1N=C(O)[C@H]2N=NO[C@@H]2N1
227928_63     1_5_158_63     23.47               48.58         0.00                O=C1N=C(O)[C@@H]2N=NO[C@H]2N1
227928_64     1_3_64         26.09               51.21         0.00                [O-]/N=N/c1cnc(O)[nH+]c1O
227928_65     1_5_150_65     26.47               51.58         0.00                OC1=N[C@@H]2O[N-][NH+]=C2C(O)=N1
227928_66     1_4_115_66     26.47               51.58         0.00                OC1=N[C@H]2O[N-][NH+]=C2C(O)=N1
227928_67     1_9_67         26.57               51.69         0.00                [O-]c1ncc(/[NH+]=N/O)c(O)n1
227928_68     1_4_131_68     27.02               52.13         0.00                [O-]C1=C2[NH+]=NO[C@@H]2NC(O)=N1
227928_69     1_5_166_69     27.03               52.15         0.00                [O-]C1=C2[NH+]=NO[C@H]2NC(O)=N1
227928_70     1_38_70        27.37               52.49         0.00                O=N[NH2+]c1cnc(=O)[nH]c1[O-]
227928_71     1_11_71        27.56               52.67         0.00                O=c1[nH]c(O)c(/N=N/[O-])c[nH+]1
227928_72     1_3_82_72      29.06               54.18         0.00                OC1=N[C@]2(O)ON=N[C@H]2C=N1
227928_73     1_2_47_73      29.15               54.26         0.00                OC1=N[C@@]2(O)ON=N[C@@H]2C=N1
227928_74     1_28_74        29.53               54.65         0.00                O=N[NH2+]c1cnc(O)nc1[O-]
227928_75     1_32_75        29.70               54.81         0.00                O=c1nc([O-])c(/[NH+]=N/O)c[nH]1
227928_76     1_5_152_76     30.35               55.47         0.00                OC1=N[C@@H]2ON=N[C@H]2C(O)=N1
227928_77     1_4_117_77     30.35               55.47         0.00                OC1=N[C@H]2ON=N[C@@H]2C(O)=N1
227928_78     1_5_162_78     32.68               57.79         0.00                [O-]C1=C2N=NO[C@H]2NC(O)=[NH+]1
227928_79     1_4_127_79     32.68               57.80         0.00                [O-]C1=C2N=NO[C@@H]2NC(O)=[NH+]1
227928_80     1_5_156_80     34.77               59.89         0.00                [O-]C1=NC(O)=C2[NH+]=NO[C@H]2N1
227928_81     1_4_121_81     34.80               59.91         0.00                [O-]C1=NC(O)=C2[NH+]=NO[C@@H]2N1
227928_82     1_37_82        35.32               60.44         0.00                O=[NH+]Nc1cnc(=O)[nH]c1[O-]
227928_83     1_22_83        37.02               62.13         0.00                O=c1[nH+]c(O)[nH]cc1/N=N/[O-]
227928_84     1_2_48_84      37.24               62.36         0.00                [O-]C1=NC=C2[NH+]=NO[C@]2(O)N1
227928_85     1_3_83_85      37.24               62.36         0.00                [O-]C1=NC=C2[NH+]=NO[C@@]2(O)N1
227928_86     1_27_86        40.95               66.07         0.00                O=[NH+]Nc1cnc(O)nc1[O-]
227928_87     1_4_87         41.16               66.27         0.00                [O-]/N=N/c1c[nH+]c(O)nc1O
227928_88     1_3_80_88      42.09               67.20         0.00                OC1=N[C@]2(O)ON=[NH+]C2=C[N-]1
227928_89     1_2_45_89      42.09               67.20         0.00                OC1=N[C@@]2(O)ON=[NH+]C2=C[N-]1
227928_90     1_3_87_90      47.60               72.72         0.00                [O-]C1=N[C@]2(O)O[NH+]=NC2=CN1
227928_91     1_2_52_91      47.60               72.72         0.00                [O-]C1=N[C@@]2(O)O[NH+]=NC2=CN1
227928_92     1_3_86_92      49.85               74.97         0.00                [O-]C1=N[C@]2(O)ON=[NH+]C2=CN1
227928_93     1_2_51_93      49.85               74.97         0.00                [O-]C1=N[C@@]2(O)ON=[NH+]C2=CN1
227928_94     1_40_94        49.96               75.08         0.00                O=N[NH2+]c1c[nH]c(=O)nc1[O-]
227928_95     1_34_95        52.82               77.93         0.00                O=C1N=C/C(=[NH+]\NO)C([O-])=N1
227928_96     1_5_154_96     53.06               78.18         0.00                [O-]C1=N[C@@H]2O[NH+]=NC2=C(O)N1
227928_97     1_4_119_97     53.06               78.18         0.00                [O-]C1=N[C@H]2O[NH+]=NC2=C(O)N1
227928_98     1_3_92_98      53.48               78.60         0.00                [O-][C@]12[NH+]=C(O)NC=C1N=NO2
227928_99     1_2_57_99      53.48               78.60         0.00                [O-][C@@]12[NH+]=C(O)NC=C1N=NO2
227928_100    1_33_100       55.33               80.44         0.00                O=c1nc([O-])c(/N=[NH+]/O)c[nH]1
227928_101    1_2_68_101     57.10               82.22         0.00                O=C1NC=C2N=[NH+]O[C@]2([O-])N1
227928_102    1_3_103_102    57.10               82.22         0.00                O=C1NC=C2N=[NH+]O[C@@]2([O-])N1
227928_103    1_2_67_103     57.67               82.78         0.00                O=C1NC=C2[NH+]=NO[C@]2([O-])N1
227928_104    1_3_102_104    57.67               82.78         0.00                O=C1NC=C2[NH+]=NO[C@@]2([O-])N1
227928_105    1_2_53_105     57.68               82.80         0.00                [O-]C1=N[C@@]2(O)ON=N[C@@H]2C=[NH+]1
227928_106    1_3_88_106     57.82               82.93         0.00                [O-]C1=N[C@]2(O)ON=N[C@H]2C=[NH+]1
227928_107    1_17_107       58.12               83.24         0.00                O=N[NH2+]c1cnc([O-])nc1O
227928_108    1_2_58_108     59.10               84.21         0.00                [O-][C@@]12NC(O)=NC=C1[NH+]=NO2
227928_109    1_3_93_109     59.10               84.21         0.00                [O-][C@]12NC(O)=NC=C1[NH+]=NO2
227928_110    1_3_94_110     59.43               84.54         0.00                [O-][C@]12NC(O)=NC=C1N=[NH+]O2
227928_111    1_2_59_111     59.43               84.54         0.00                [O-][C@@]12NC(O)=NC=C1N=[NH+]O2
227928_112    1_4_120_112    59.48               84.59         0.00                [O-]C1=N[C@H]2ON=N[C@@H]2C(O)=[NH+]1
227928_113    1_5_155_113    59.48               84.59         0.00                [O-]C1=N[C@@H]2ON=N[C@H]2C(O)=[NH+]1
227928_114    1_16_114       60.80               85.92         0.00                O=[NH+]Nc1cnc([O-])nc1O
227928_115    1_4_118_115    60.97               86.08         0.00                [O-]C1=N[C@H]2ON=[NH+]C2=C(O)N1
227928_116    1_5_153_116    61.00               86.11         0.00                [O-]C1=N[C@@H]2ON=[NH+]C2=C(O)N1
227928_117    1_4_134_117    61.44               86.55         0.00                [O-]C1=NC(O)=N[C@H]2ON[NH+]=C12
227928_118    1_5_169_118    61.71               86.82         0.00                [O-]C1=NC(O)=N[C@@H]2ON[NH+]=C12
227928_119    1_4_143_119    65.39               90.51         0.00                O=C1N=C([O-])N[C@H]2ON[NH+]=C12
227928_120    1_4_140_120    65.44               90.56         0.00                O=C1NC([O-])=N[C@H]2ON[NH+]=C12
227928_121    1_5_178_121    65.50               90.62         0.00                O=C1N=C([O-])N[C@@H]2ON[NH+]=C12
227928_122    1_5_175_122    65.53               90.65         0.00                O=C1NC([O-])=N[C@@H]2ON[NH+]=C12
227928_123    1_39_123       65.59               90.71         0.00                O=[NH+]Nc1c[nH]c(=O)nc1[O-]
227928_124    1_2_62_124     68.06               93.18         0.00                [O-][C@@]12N=C(O)NC=C1N=[NH+]O2
227928_125    1_3_97_125     68.09               93.20         0.00                [O-][C@]12N=C(O)NC=C1N=[NH+]O2
227928_126    1_3_96_126     69.20               94.32         0.00                [O-][C@]12N=C(O)NC=C1[NH+]=NO2
227928_127    1_2_61_127     69.20               94.32         0.00                [O-][C@@]12N=C(O)NC=C1[NH+]=NO2
227928_128    1_3_104_128    70.20               95.32         0.00                O=C1N[C@]2([O-])ON=N[C@H]2C=[NH+]1
227928_129    1_2_69_129     70.28               95.40         0.00                O=C1N[C@@]2([O-])ON=N[C@@H]2C=[NH+]1
227928_130    1_2_70_130     73.24               98.36         0.00                O=C1N=CC2=[NH+]NO[C@]2([O-])N1
227928_131    1_2_54_131     74.39               99.51         0.00                [O-]C1=N[C@@]2(O)ON[NH+]=C2C=N1
227928_132    1_3_89_132     74.78               99.89         0.00                [O-]C1=N[C@]2(O)ON[NH+]=C2C=N1
227928_133    1_2_60_133     74.86               99.98         0.00                [O-][C@@]12[NH+]=C(O)N=C[C@H]1N=NO2
227928_134    1_3_95_134     74.95               100.07        0.00                [O-][C@]12[NH+]=C(O)N=C[C@@H]1N=NO2
227928_135    1_3_105_135    76.02               101.13        0.00                O=C1N=CC2=[NH+]NO[C@@]2([O-])N1
227928_136    1_5_176_136    79.24               104.35        0.00                O=C1NC([O-])=N[C@@H]2ON=[NH+][C@@H]12
227928_137    1_4_141_137    79.43               104.55        0.00                O=C1NC([O-])=N[C@H]2ON=[NH+][C@H]12
227928_138    1_4_124_138    80.94               106.06        0.00                [O-]C1=N[C@H]2ON[NH+]=C2C(O)=N1
227928_139    1_5_159_139    80.95               106.07        0.00                [O-]C1=N[C@@H]2ON[NH+]=C2C(O)=N1
227928_140    1_4_144_140    81.53               106.65        0.00                O=C1N=C([O-])N[C@H]2ON=[NH+][C@H]12
227928_141    1_5_179_141    82.68               107.79        0.00                O=C1N=C([O-])N[C@@H]2ON=[NH+][C@@H]12
227928_142    1_5_177_142    83.23               108.35        0.00                O=C1NC([O-])=N[C@@H]2O[NH+]=N[C@@H]12
227928_143    1_4_142_143    83.76               108.88        0.00                O=C1NC([O-])=N[C@H]2O[NH+]=N[C@H]12
227928_144    1_4_135_144    84.89               110.01        0.00                [O-]C1=NC(O)=N[C@H]2ON=[NH+][C@H]12
227928_145    1_2_72_145     85.06               110.18        0.00                O=C1N=C[C@H]2N=[NH+]O[C@]2([O-])N1
227928_146    1_3_107_146    85.28               110.40        0.00                O=C1N=C[C@@H]2N=[NH+]O[C@@]2([O-])N1
227928_147    1_3_106_147    85.61               110.72        0.00                O=C1N=C[C@@H]2[NH+]=NO[C@@]2([O-])N1
227928_148    1_5_170_148    85.72               110.83        0.00                [O-]C1=NC(O)=N[C@@H]2ON=[NH+][C@@H]12
227928_149    1_2_71_149     86.24               111.35        0.00                O=C1N=C[C@H]2[NH+]=NO[C@]2([O-])N1
227928_150    1_3_99_150     86.74               111.86        0.00                [O-][C@]12N=C(O)N=CC1=[NH+]NO2
227928_151    1_4_136_151    89.19               114.31        0.00                [O-]C1=NC(O)=N[C@H]2O[NH+]=N[C@H]12
227928_152    1_5_171_152    89.31               114.43        0.00                [O-]C1=NC(O)=N[C@@H]2O[NH+]=N[C@@H]12
227928_153    1_2_64_153     89.60               114.71        0.00                [O-][C@@]12N=C(O)N=CC1=[NH+]NO2
227928_154    1_4_145_154    90.54               115.65        0.00                O=C1N=C([O-])N[C@H]2O[NH+]=N[C@H]12
227928_155    1_2_63_155     90.76               115.88        0.00                [O-][C@@]12N=C(O)[NH+]=C[C@H]1N=NO2
227928_156    1_3_98_156     91.02               116.14        0.00                [O-][C@]12N=C(O)[NH+]=C[C@@H]1N=NO2
227928_157    1_5_180_157    91.24               116.36        0.00                O=C1N=C([O-])N[C@@H]2O[NH+]=N[C@@H]12
227928_158    1_3_91_158     93.44               118.55        0.00                [O-]C1=N[C@]2(O)O[NH+]=N[C@H]2C=N1
227928_159    1_2_56_159     93.59               118.71        0.00                [O-]C1=N[C@@]2(O)O[NH+]=N[C@@H]2C=N1
227928_160    1_2_55_160     94.16               119.28        0.00                [O-]C1=N[C@@]2(O)ON=[NH+][C@@H]2C=N1
227928_161    1_3_90_161     94.69               119.81        0.00                [O-]C1=N[C@]2(O)ON=[NH+][C@H]2C=N1
227928_162    1_3_101_162    97.99               123.10        0.00                [O-][C@]12N=C(O)N=C[C@@H]1N=[NH+]O2
227928_163    1_2_66_163     98.38               123.50        0.00                [O-][C@@]12N=C(O)N=C[C@H]1N=[NH+]O2
227928_164    1_3_100_164    99.46               124.58        0.00                [O-][C@]12N=C(O)N=C[C@@H]1[NH+]=NO2
227928_165    1_2_65_165     100.08              125.19        0.00                [O-][C@@]12N=C(O)N=C[C@H]1[NH+]=NO2
227928_166    1_4_125_166    101.02              126.14        0.00                [O-]C1=N[C@H]2ON=[NH+][C@@H]2C(O)=N1
227928_167    1_5_160_167    101.64              126.75        0.00                [O-]C1=N[C@@H]2ON=[NH+][C@H]2C(O)=N1
227928_168    1_5_161_168    106.17              131.28        0.00                [O-]C1=N[C@@H]2O[NH+]=N[C@H]2C(O)=N1
227928_169    1_4_126_169    106.78              131.90        0.00                [O-]C1=N[C@H]2O[NH+]=N[C@@H]2C(O)=N1
227928_170    1_35_170       112.53              137.64        0.00                [H]/[O+]=N/[NH2+]c1cnc([O-])nc1[O-]
227928_171    1_2_75_171     131.26              156.38        0.00                [O-]C1=N[C@@]2([O-])O[NH+]=N[C@@H]2C=[NH+]1
227928_172    1_3_110_172    131.47              156.59        0.00                [O-]C1=N[C@]2([O-])O[NH+]=N[C@H]2C=[NH+]1
227928_173    1_3_109_173    135.44              160.55        0.00                [O-]C1=N[C@]2([O-])ON=[NH+][C@H]2C=[NH+]1
227928_174    1_2_74_174     135.95              161.06        0.00                [O-]C1=N[C@@]2([O-])ON=[NH+][C@@H]2C=[NH+]1
227928_175    1_2_73_175     140.21              165.33        0.00                [O-]C1=N[C@@]2([O-])O[NH+]=[NH+]C2=CN1
227928_176    1_3_108_176    140.21              165.33        0.00                [O-]C1=N[C@]2([O-])O[NH+]=[NH+]C2=CN1
227928_177    1_5_181_177    160.28              185.40        0.00                [O-]C1=N[C@@H]2O[NH+]=[NH+][C@H]2C([O-])=N1
227928_178    1_41_178       160.73              185.85        0.00                O=[NH+][NH2+]c1cnc([O-])nc1[O-]
227928_179    1_4_146_179    161.30              186.41        0.00                [O-]C1=N[C@H]2O[NH+]=[NH+][C@@H]2C([O-])=N1
227928_180    1_2_76_180     174.66              199.77        0.00                [O-]C1=N[C@@]2([O-])O[NH+]=[NH+][C@@H]2C=N1
227928_181    1_3_111_181    175.07              200.19        0.00                [O-]C1=N[C@]2([O-])O[NH+]=[NH+][C@H]2C=N1

Preserving at most 1000000 conformers per structure.
100 filtered structures added to:
nsc20116_taut_SemiEmpStage1-out.mae
Timer (SemiEmpStage1) : 12.27 secs


(4) QMStage1
--------------

Executing quantum-mechanical stage on: 
nsc20116_taut_SemiEmpStage1-out.mae
Configuration = {'erg_window': 50.0, 'nkeep': 25, 'keep_nconf_per_struct': 1000000, 'reset_connectivity': False, 'backend_options': {'basis': 'LACVP**', 'dftname': 'B3LYP-D3', 'igeopt': 1, 'nofail': 1, 'stop_rxn': 1, 'check_min': 2, 'isolv': 2, 'nogas': 2, 'solvent': 'water'}, 'canonical': True}

Work directory = nsc20116_taut_QMStage1_workdir
Found 100 structures from subjobs.

100 structures were sorted by label:
r_j_Final_Energy

Structure     Genealogy        Energy (kcal/mol)   Difference    % Boltzmann @298K   SMILES
227928_1      1_1_1_1          -376194.76          0.00          99.35               O=NNc1c[nH]c(=O)[nH]c1=O
227928_2      1_29_3_2         -376191.78          2.98          0.65                O=c1[nH]cc(/N=N/O)c(=O)[nH]1
227928_3      1_36_14_3        -376186.22          8.54          0.00                O=c1[nH]cc(/N=[NH+]/[O-])c(=O)[nH]1
227928_4      1_30_26_4        -376183.59          11.18         0.00                O=c1ncc(/[NH+]=N/O)c([O-])[nH]1
227928_5      1_23_15_5        -376183.28          11.48         0.00                O=NNc1cnc(O)[nH]c1=O
227928_6      1_4_138_12_6     -376182.17          12.59         0.00                O=C1NC(=O)C2=NNO[C@@H]2N1
227928_7      1_5_173_10_7     -376182.17          12.59         0.00                O=C1NC(=O)C2=NNO[C@H]2N1
227928_8      1_8_5_8          -376181.51          13.26         0.00                O=c1nc(O)c(/N=N/O)c[nH]1
227928_9      1_4_139_47_9     -376180.48          14.28         0.00                O=C1NC(=O)[C@H]2N=NO[C@@H]2N1
227928_10     1_5_174_46_10    -376180.45          14.31         0.00                O=C1NC(=O)[C@@H]2N=NO[C@H]2N1
227928_11     1_14_9_11        -376180.16          14.61         0.00                O=NNc1c[nH]c(=O)nc1O
227928_12     1_18_18_12       -376179.44          15.32         0.00                O=c1[nH]c(O)ncc1/N=N/O
227928_13     1_5_172_54_13    -376179.23          15.54         0.00                O=C1NC([O-])=C2[NH+]=NO[C@H]2N1
227928_14     1_4_137_55_14    -376179.21          15.56         0.00                O=C1NC([O-])=C2[NH+]=NO[C@@H]2N1
227928_15     1_3_77_24_15     -376178.84          15.92         0.00                O=C1NC=C2N=NO[C@@]2(O)N1
227928_16     1_2_42_25_16     -376178.80          15.97         0.00                O=C1NC=C2N=NO[C@]2(O)N1
227928_17     1_25_16_17       -376178.45          16.32         0.00                O=NNc1c[nH]c(O)nc1=O
227928_18     1_7_4_18         -376178.20          16.56         0.00                O=c1ncc(/N=N/O)c(O)[nH]1
227928_19     1_4_112_20_19    -376177.52          17.24         0.00                O=C1NC(O)=C2N=NO[C@@H]2N1
227928_20     1_5_147_19_20    -376177.50          17.26         0.00                O=C1NC(O)=C2N=NO[C@H]2N1
227928_21     1_32_75_21       -376177.11          17.66         0.00                O=c1nc([O-])c(/[NH+]=N/O)c[nH]1
227928_22     1_12_7_22        -376176.92          17.84         0.00                O=NNc1cnc(=O)[nH]c1O
227928_23     1_4_127_79_23    -376176.00          18.76         0.00                [O-]C1=C2N=NO[C@@H]2NC(O)=[NH+]1
227928_24     1_5_162_78_24    -376175.97          18.79         0.00                [O-]C1=C2N=NO[C@H]2NC(O)=[NH+]1
227928_25     1_5_6_25         -376175.47          19.29         0.00                O=NNc1cnc(O)nc1O
227928_26     1_2_2_26         -376175.45          19.32         0.00                O/N=N/c1cnc(O)nc1O
227928_27     1_24_48_27       -376174.92          19.84         0.00                O=c1[nH]c(O)ncc1/N=[NH+]/[O-]
227928_28     1_37_82_28       -376174.83          19.93         0.00                O=[NH+]Nc1cnc(=O)[nH]c1[O-]
227928_29     1_15_22_29       -376174.71          20.06         0.00                O=c1nc(O)c(/N=[NH+]/[O-])c[nH]1
227928_30     1_11_71_30       -376173.23          21.53         0.00                O=c1[nH]c(O)c(/N=N/[O-])c[nH+]1
227928_31     1_19_17_31       -376172.83          21.93         0.00                O=c1nc(O)[nH]cc1/N=N/O
227928_32     1_20_29_32       -376172.43          22.34         0.00                [O-]c1nc(O)ncc1/[NH+]=N/O
227928_33     1_13_13_33       -376171.44          23.32         0.00                O=c1ncc(/N=[NH+]/[O-])c(O)[nH]1
227928_34     1_31_11_34       -376170.93          23.83         0.00                O=C1N=C/C(=N\NO)C(=O)N1
227928_35     1_6_8_35         -376169.90          24.86         0.00                [O-]/[NH+]=N/c1cnc(O)nc1O
227928_36     1_26_51_36       -376168.27          26.49         0.00                O=c1nc(O)[nH]cc1/N=[NH+]/[O-]
227928_37     1_4_129_23_37    -376167.39          27.37         0.00                O=C1NC(O)=N[C@H]2ONN=C12
227928_38     1_5_164_21_38    -376167.37          27.39         0.00                O=C1NC(O)=N[C@@H]2ONN=C12
227928_39     1_2_44_33_39     -376167.06          27.71         0.00                OC1=N[C@@]2(O)ON=NC2=CN1
227928_40     1_3_79_30_40     -376167.04          27.72         0.00                OC1=N[C@]2(O)ON=NC2=CN1
227928_41     1_4_130_53_41    -376166.65          28.11         0.00                O=C1NC(O)=N[C@H]2ON=N[C@H]12
227928_42     1_5_165_52_42    -376166.65          28.12         0.00                O=C1NC(O)=N[C@@H]2ON=N[C@@H]12
227928_43     1_4_132_28_43    -376165.66          29.10         0.00                O=C1N=C(O)N[C@H]2ONN=C12
227928_44     1_5_167_27_44    -376165.66          29.10         0.00                O=C1N=C(O)N[C@@H]2ONN=C12
227928_45     1_38_70_45       -376165.60          29.17         0.00                O=N[NH2+]c1cnc(=O)[nH]c1[O-]
227928_46     1_4_87_46        -376165.50          29.26         0.00                [O-]/N=N/c1c[nH+]c(O)nc1O
227928_47     1_22_83_47       -376165.44          29.32         0.00                O=c1[nH+]c(O)[nH]cc1/N=N/[O-]
227928_48     1_4_114_42_48    -376165.23          29.54         0.00                OC1=NC(O)=C2N=NO[C@@H]2N1
227928_49     1_5_149_43_49    -376165.18          29.58         0.00                OC1=NC(O)=C2N=NO[C@H]2N1
227928_50     1_2_57_99_50     -376164.60          30.16         0.00                [O-][C@@]12[NH+]=C(O)NC=C1N=NO2
227928_51     1_4_128_59_51    -376164.58          30.18         0.00                [O-]C1=C2[NH+]=NO[C@@H]2N=C(O)N1
227928_52     1_3_92_98_52     -376164.58          30.19         0.00                [O-][C@]12[NH+]=C(O)NC=C1N=NO2
227928_53     1_27_86_53       -376164.49          30.27         0.00                O=[NH+]Nc1cnc(O)nc1[O-]
227928_54     1_5_163_58_54    -376164.48          30.28         0.00                [O-]C1=C2[NH+]=NO[C@H]2N=C(O)N1
227928_55     1_2_43_31_55     -376164.40          30.36         0.00                OC1=NC=C2N=NO[C@]2(O)N1
227928_56     1_3_78_32_56     -376164.35          30.41         0.00                OC1=NC=C2N=NO[C@@]2(O)N1
227928_57     1_4_133_56_57    -376163.52          31.25         0.00                O=C1N=C(O)N[C@H]2ON=N[C@H]12
227928_58     1_5_168_57_58    -376163.47          31.29         0.00                O=C1N=C(O)N[C@@H]2ON=N[C@@H]12
227928_59     1_33_100_59      -376163.34          31.42         0.00                O=c1nc([O-])c(/N=[NH+]/O)c[nH]1
227928_60     1_3_64_60        -376162.81          31.95         0.00                [O-]/N=N/c1cnc(O)[nH+]c1O
227928_61     1_5_157_41_61    -376162.75          32.01         0.00                O=C1N=C(O)C2=NNO[C@H]2N1
227928_62     1_4_122_40_62    -376162.74          32.02         0.00                O=C1N=C(O)C2=NNO[C@@H]2N1
227928_63     1_4_131_68_63    -376161.94          32.82         0.00                [O-]C1=C2[NH+]=NO[C@@H]2NC(O)=N1
227928_64     1_5_166_69_64    -376161.84          32.92         0.00                [O-]C1=C2[NH+]=NO[C@H]2NC(O)=N1
227928_65     1_9_67_65        -376161.65          33.12         0.00                [O-]c1ncc(/[NH+]=N/O)c(O)n1
227928_66     1_5_148_36_66    -376161.48          33.29         0.00                OC1=N[C@@H]2ON=NC2=C(O)N1
227928_67     1_4_113_35_67    -376161.42          33.34         0.00                OC1=N[C@H]2ON=NC2=C(O)N1
227928_68     1_40_94_68       -376160.01          34.75         0.00                O=N[NH2+]c1c[nH]c(=O)nc1[O-]
227928_69     1_4_123_62_69    -376159.19          35.57         0.00                O=C1N=C(O)[C@H]2N=NO[C@@H]2N1
227928_70     1_5_158_63_70    -376159.16          35.60         0.00                O=C1N=C(O)[C@@H]2N=NO[C@H]2N1
227928_71     1_2_49_37_71     -376156.67          38.10         0.00                O=C1N=CC2=NNO[C@]2(O)N1
227928_72     1_3_84_38_72     -376156.66          38.10         0.00                O=C1N=CC2=NNO[C@@]2(O)N1
227928_73     1_10_39_73       -376155.87          38.89         0.00                O=C1N=C/C(=N\NO)C(O)=N1
227928_74     1_28_74_74       -376155.77          38.99         0.00                O=N[NH2+]c1cnc(O)nc1[O-]
227928_75     1_21_34_75       -376154.42          40.35         0.00                O=C1N=C(O)N=C/C1=N\NO
227928_76     1_5_156_80_76    -376154.01          40.75         0.00                [O-]C1=NC(O)=C2[NH+]=NO[C@H]2N1
227928_77     1_4_121_81_77    -376153.99          40.78         0.00                [O-]C1=NC(O)=C2[NH+]=NO[C@@H]2N1
227928_78     1_5_151_49_78    -376150.54          44.23         0.00                OC1=N[C@@H]2ONN=C2C(O)=N1
227928_79     1_3_83_85_79     -376150.48          44.28         0.00                [O-]C1=NC=C2[NH+]=NO[C@@]2(O)N1
227928_80     1_4_116_50_80    -376150.44          44.32         0.00                OC1=N[C@H]2ONN=C2C(O)=N1
227928_81     1_2_48_84_81     -376150.41          44.35         0.00                [O-]C1=NC=C2[NH+]=NO[C@]2(O)N1
227928_82     1_3_85_61_82     -376150.19          44.58         0.00                O=C1N=C[C@@H]2N=NO[C@@]2(O)N1
227928_83     1_2_50_60_83     -376150.15          44.61         0.00                O=C1N=C[C@H]2N=NO[C@]2(O)N1
227928_84     1_3_87_90_84     -376148.23          46.54         0.00                [O-]C1=N[C@]2(O)O[NH+]=NC2=CN1
227928_85     1_2_52_91_85     -376148.17          46.59         0.00                [O-]C1=N[C@@]2(O)O[NH+]=NC2=CN1
227928_86     1_3_86_92_86     -376147.66          47.11         0.00                [O-]C1=N[C@]2(O)ON=[NH+]C2=CN1
227928_87     1_2_51_93_87     -376147.62          47.14         0.00                [O-]C1=N[C@@]2(O)ON=[NH+]C2=CN1
227928_88     1_5_152_76_88    -376147.46          47.31         0.00                OC1=N[C@@H]2ON=N[C@H]2C(O)=N1
227928_89     1_4_117_77_89    -376147.43          47.34         0.00                OC1=N[C@H]2ON=N[C@@H]2C(O)=N1
227928_90     1_3_81_44_90     -376147.16          47.60         0.00                OC1=N[C@]2(O)ONN=C2C=N1
227928_91     1_2_46_45_91     -376147.07          47.69         0.00                OC1=N[C@@]2(O)ONN=C2C=N1
227928_92     1_5_154_96_92    -376145.07          49.69         0.00                [O-]C1=N[C@@H]2O[NH+]=NC2=C(O)N1
227928_93     1_4_119_97_93    -376145.00          49.76         0.00                [O-]C1=N[C@H]2O[NH+]=NC2=C(O)N1
227928_94     1_2_45_89_94     -376144.70          50.06         0.00                OC1=N[C@@]2(O)ON=[NH+]C2=C[N-]1
227928_95     1_3_80_88_95     -376144.67          50.09         0.00                OC1=N[C@]2(O)ON=[NH+]C2=C[N-]1
227928_96     1_5_150_65_96    -376141.33          53.43         0.00                OC1=N[C@@H]2O[N-][NH+]=C2C(O)=N1
227928_97     1_4_115_66_97    -376141.25          53.51         0.00                OC1=N[C@H]2O[N-][NH+]=C2C(O)=N1
227928_98     1_34_95_98       -376138.81          55.95         0.00                O=C1N=C/C(=[NH+]\NO)C([O-])=N1
227928_99     1_3_82_72_99     -376137.04          57.73         0.00                OC1=N[C@]2(O)ON=N[C@H]2C=N1
227928_100    1_2_47_73_100    -376137.02          57.74         0.00                OC1=N[C@@]2(O)ON=N[C@@H]2C=N1

Preserving at most 1000000 conformers per structure.
25 filtered structures added to:
nsc20116_taut_QMStage1-out.mae
Timer (QMStage1) : 5730.67 secs (1 hrs, 35 mins, 30 secs)


(5) QMStage2
--------------

Executing quantum-mechanical stage on: 
nsc20116_taut_QMStage1-out.mae
Configuration = {'erg_window': 100.0, 'nkeep': 12, 'keep_nconf_per_struct': 1000000, 'reset_connectivity': False, 'backend_options': {'basis': 'cc-pVTZ(-f)', 'dftname': 'M06-2X', 'nofail': 1, 'isolv': 2, 'nogas': 2, 'solvent': 'water'}, 'canonical': True}

Work directory = nsc20116_taut_QMStage2_workdir
Found 25 structures from subjobs.

25 structures were sorted by label:
r_j_Final_Energy

Structure    Genealogy           Energy (kcal/mol)   Difference    % Boltzmann @298K   SMILES
227928_1     1_29_3_2_1          -376181.66          0.00          93.31               O=c1[nH]cc(/N=N/O)c(=O)[nH]1
227928_2     1_1_1_1_2           -376180.10          1.56          6.69                O=NNc1c[nH]c(=O)[nH]c1=O
227928_3     1_8_5_8_3           -376173.17          8.49          0.00                O=c1nc(O)c(/N=N/O)c[nH]1
227928_4     1_36_14_3_4         -376172.06          9.60          0.00                O=c1[nH]cc(/N=[NH+]/[O-])c(=O)[nH]1
227928_5     1_5_173_10_7_5      -376171.85          9.81          0.00                O=C1NC(=O)C2=NNO[C@H]2N1
227928_6     1_4_138_12_6_6      -376171.85          9.81          0.00                O=C1NC(=O)C2=NNO[C@@H]2N1
227928_7     1_18_18_12_7        -376171.10          10.56         0.00                O=c1[nH]c(O)ncc1/N=N/O
227928_8     1_4_139_47_9_8      -376170.47          11.19         0.00                O=C1NC(=O)[C@H]2N=NO[C@@H]2N1
227928_9     1_5_174_46_10_9     -376170.44          11.22         0.00                O=C1NC(=O)[C@@H]2N=NO[C@H]2N1
227928_10    1_30_26_4_10        -376170.33          11.34         0.00                O=c1ncc(/[NH+]=N/O)c([O-])[nH]1
227928_11    1_23_15_5_11        -376170.18          11.49         0.00                O=NNc1cnc(O)[nH]c1=O
227928_12    1_2_42_25_16_12     -376169.40          12.26         0.00                O=C1NC=C2N=NO[C@]2(O)N1
227928_13    1_3_77_24_15_13     -376169.30          12.36         0.00                O=C1NC=C2N=NO[C@@]2(O)N1
227928_14    1_14_9_11_14        -376169.26          12.40         0.00                O=NNc1c[nH]c(=O)nc1O
227928_15    1_7_4_18_15         -376169.07          12.60         0.00                O=c1ncc(/N=N/O)c(O)[nH]1
227928_16    1_25_16_17_16       -376167.22          14.44         0.00                O=NNc1c[nH]c(O)nc1=O
227928_17    1_4_112_20_19_17    -376166.64          15.03         0.00                O=C1NC(O)=C2N=NO[C@@H]2N1
227928_18    1_5_147_19_20_18    -376166.61          15.05         0.00                O=C1NC(O)=C2N=NO[C@H]2N1
227928_19    1_32_75_21_19       -376166.49          15.18         0.00                O=c1nc([O-])c(/[NH+]=N/O)c[nH]1
227928_20    1_5_172_54_13_20    -376165.88          15.78         0.00                O=C1NC([O-])=C2[NH+]=NO[C@H]2N1
227928_21    1_4_137_55_14_21    -376165.87          15.79         0.00                O=C1NC([O-])=C2[NH+]=NO[C@@H]2N1
227928_22    1_5_6_25_22         -376165.81          15.85         0.00                O=NNc1cnc(O)nc1O
227928_23    1_12_7_22_23        -376164.96          16.71         0.00                O=NNc1cnc(=O)[nH]c1O
227928_24    1_4_127_79_23_24    -376164.18          17.48         0.00                [O-]C1=C2N=NO[C@@H]2NC(O)=[NH+]1
227928_25    1_5_162_78_24_25    -376164.16          17.50         0.00                [O-]C1=C2N=NO[C@H]2NC(O)=[NH+]1

Preserving at most 1000000 conformers per structure.
12 filtered structures added to:
nsc20116_taut_QMStage2-out.mae
Timer (QMStage2) : 506.40 secs (0 hrs, 08 mins, 26 secs)

All done!
Timer (MultiStage Pipeline) : 6559.23 secs (1 hrs, 49 mins, 19 secs)
Finished: Mon Jan 13 16:14:22 2025
